# JRE version: Java(TM) SE Runtime Environment (8.0_191-b12) (build 1.8.0_191-b12)
# Java VM: Java HotSpot(TM) 64-Bit Server VM (25.191-b12 mixed mode windows-amd64 compressed oops)
Heap:
 PSYoungGen      total 246784K, used 91710K [0x00000000d5d00000, 0x00000000ea400000, 0x0000000100000000)
  eden space 180224K, 40% used [0x00000000d5d00000,0x00000000da38b370,0x00000000e0d00000)
  from space 66560K, 29% used [0x00000000e5700000,0x00000000e6a04588,0x00000000e9800000)
  to   space 75776K, 0% used [0x00000000e0d00000,0x00000000e0d00000,0x00000000e5700000)
 ParOldGen       total 424960K, used 220304K [0x0000000081600000, 0x000000009b500000, 0x00000000d5d00000)
  object space 424960K, 51% used [0x0000000081600000,0x000000008ed24370,0x000000009b500000)
 Metaspace       used 58820K, capacity 62073K, committed 62208K, reserved 1105920K
  class space    used 7872K, capacity 8656K, committed 8704K, reserved 1048576K
GC Heap History (10 events):
Event: 4.050 GC heap before
{Heap before GC invocations=10 (full 2):
 PSYoungGen      total 140288K, used 131072K [0x00000000d5d00000, 0x00000000e2380000, 0x0000000100000000)
  eden space 131072K, 100% used [0x00000000d5d00000,0x00000000ddd00000,0x00000000ddd00000)
  from space 9216K, 0% used [0x00000000ddd00000,0x00000000ddd00000,0x00000000de600000)
  to   space 12800K, 0% used [0x00000000e1700000,0x00000000e1700000,0x00000000e2380000)
 ParOldGen       total 89600K, used 18731K [0x0000000081600000, 0x0000000086d80000, 0x00000000d5d00000)
  object space 89600K, 20% used [0x0000000081600000,0x000000008284af38,0x0000000086d80000)
 Metaspace       used 50816K, capacity 53170K, committed 53248K, reserved 1095680K
  class space    used 6770K, capacity 7412K, committed 7424K, reserved 1048576K
Event: 4.072 GC heap after
Heap after GC invocations=10 (full 2):
 PSYoungGen      total 164352K, used 12787K [0x00000000d5d00000, 0x00000000e6380000, 0x0000000100000000)
  eden space 151552K, 0% used [0x00000000d5d00000,0x00000000d5d00000,0x00000000df100000)
  from space 12800K, 99% used [0x00000000e1700000,0x00000000e237ceb0,0x00000000e2380000)
  to   space 38912K, 0% used [0x00000000df100000,0x00000000df100000,0x00000000e1700000)
 ParOldGen       total 89600K, used 74726K [0x0000000081600000, 0x0000000086d80000, 0x00000000d5d00000)
  object space 89600K, 83% used [0x0000000081600000,0x0000000085ef9a68,0x0000000086d80000)
 Metaspace       used 50816K, capacity 53170K, committed 53248K, reserved 1095680K
  class space    used 6770K, capacity 7412K, committed 7424K, reserved 1048576K
}
Event: 4.072 GC heap before
{Heap before GC invocations=11 (full 3):
 PSYoungGen      total 164352K, used 12787K [0x00000000d5d00000, 0x00000000e6380000, 0x0000000100000000)
  eden space 151552K, 0% used [0x00000000d5d00000,0x00000000d5d00000,0x00000000df100000)
  from space 12800K, 99% used [0x00000000e1700000,0x00000000e237ceb0,0x00000000e2380000)
  to   space 38912K, 0% used [0x00000000df100000,0x00000000df100000,0x00000000e1700000)
 ParOldGen       total 89600K, used 74726K [0x0000000081600000, 0x0000000086d80000, 0x00000000d5d00000)
  object space 89600K, 83% used [0x0000000081600000,0x0000000085ef9a68,0x0000000086d80000)
 Metaspace       used 50816K, capacity 53170K, committed 53248K, reserved 1095680K
  class space    used 6770K, capacity 7412K, committed 7424K, reserved 1048576K
Event: 4.152 GC heap after
Heap after GC invocations=11 (full 3):
 PSYoungGen      total 164352K, used 0K [0x00000000d5d00000, 0x00000000e6380000, 0x0000000100000000)
  eden space 151552K, 0% used [0x00000000d5d00000,0x00000000d5d00000,0x00000000df100000)
  from space 12800K, 0% used [0x00000000e1700000,0x00000000e1700000,0x00000000e2380000)
  to   space 38912K, 0% used [0x00000000df100000,0x00000000df100000,0x00000000e1700000)
 ParOldGen       total 166912K, used 49591K [0x0000000081600000, 0x000000008b900000, 0x00000000d5d00000)
  object space 166912K, 29% used [0x0000000081600000,0x000000008466df58,0x000000008b900000)
 Metaspace       used 50816K, capacity 53170K, committed 53248K, reserved 1095680K
  class space    used 6770K, capacity 7412K, committed 7424K, reserved 1048576K
}
Event: 5.142 GC heap before
{Heap before GC invocations=12 (full 3):
 PSYoungGen      total 164352K, used 151552K [0x00000000d5d00000, 0x00000000e6380000, 0x0000000100000000)
  eden space 151552K, 100% used [0x00000000d5d00000,0x00000000df100000,0x00000000df100000)
  from space 12800K, 0% used [0x00000000e1700000,0x00000000e1700000,0x00000000e2380000)
  to   space 38912K, 0% used [0x00000000df100000,0x00000000df100000,0x00000000e1700000)
 ParOldGen       total 166912K, used 49591K [0x0000000081600000, 0x000000008b900000, 0x00000000d5d00000)
  object space 166912K, 29% used [0x0000000081600000,0x000000008466df58,0x000000008b900000)
 Metaspace       used 56011K, capacity 59126K, committed 59264K, reserved 1099776K
  class space    used 7521K, capacity 8260K, committed 8320K, reserved 1048576K
Event: 5.166 GC heap after
Heap after GC invocations=12 (full 3):
 PSYoungGen      total 190464K, used 38909K [0x00000000d5d00000, 0x00000000e9800000, 0x0000000100000000)
  eden space 151552K, 0% used [0x00000000d5d00000,0x00000000d5d00000,0x00000000df100000)
  from space 38912K, 99% used [0x00000000df100000,0x00000000e16ff6b8,0x00000000e1700000)
  to   space 66560K, 0% used [0x00000000e5700000,0x00000000e5700000,0x00000000e9800000)
 ParOldGen       total 166912K, used 100361K [0x0000000081600000, 0x000000008b900000, 0x00000000d5d00000)
  object space 166912K, 60% used [0x0000000081600000,0x0000000087802680,0x000000008b900000)
 Metaspace       used 56011K, capacity 59126K, committed 59264K, reserved 1099776K
  class space    used 7521K, capacity 8260K, committed 8320K, reserved 1048576K
}
Event: 54.163 GC heap before
{Heap before GC invocations=13 (full 3):
 PSYoungGen      total 190464K, used 189553K [0x00000000d5d00000, 0x00000000e9800000, 0x0000000100000000)
  eden space 151552K, 99% used [0x00000000d5d00000,0x00000000df01cef0,0x00000000df100000)
  from space 38912K, 99% used [0x00000000df100000,0x00000000e16ff6b8,0x00000000e1700000)
  to   space 66560K, 0% used [0x00000000e5700000,0x00000000e5700000,0x00000000e9800000)
 ParOldGen       total 166912K, used 100361K [0x0000000081600000, 0x000000008b900000, 0x00000000d5d00000)
  object space 166912K, 60% used [0x0000000081600000,0x0000000087802680,0x000000008b900000)
 Metaspace       used 57635K, capacity 60818K, committed 61056K, reserved 1101824K
  class space    used 7732K, capacity 8458K, committed 8576K, reserved 1048576K
Event: 54.195 GC heap after
Heap after GC invocations=13 (full 3):
 PSYoungGen      total 246784K, used 59125K [0x00000000d5d00000, 0x00000000ea400000, 0x0000000100000000)
  eden space 180224K, 0% used [0x00000000d5d00000,0x00000000d5d00000,0x00000000e0d00000)
  from space 66560K, 88% used [0x00000000e5700000,0x00000000e90bd668,0x00000000e9800000)
  to   space 75776K, 0% used [0x00000000e0d00000,0x00000000e0d00000,0x00000000e5700000)
 ParOldGen       total 234496K, used 231441K [0x0000000081600000, 0x000000008fb00000, 0x00000000d5d00000)
  object space 234496K, 98% used [0x0000000081600000,0x000000008f804700,0x000000008fb00000)
 Metaspace       used 57635K, capacity 60818K, committed 61056K, reserved 1101824K
  class space    used 7732K, capacity 8458K, committed 8576K, reserved 1048576K
}
Event: 54.195 GC heap before
{Heap before GC invocations=14 (full 4):
 PSYoungGen      total 246784K, used 59125K [0x00000000d5d00000, 0x00000000ea400000, 0x0000000100000000)
  eden space 180224K, 0% used [0x00000000d5d00000,0x00000000d5d00000,0x00000000e0d00000)
  from space 66560K, 88% used [0x00000000e5700000,0x00000000e90bd668,0x00000000e9800000)
  to   space 75776K, 0% used [0x00000000e0d00000,0x00000000e0d00000,0x00000000e5700000)
 ParOldGen       total 234496K, used 231441K [0x0000000081600000, 0x000000008fb00000, 0x00000000d5d00000)
  object space 234496K, 98% used [0x0000000081600000,0x000000008f804700,0x000000008fb00000)
 Metaspace       used 57635K, capacity 60818K, committed 61056K, reserved 1101824K
  class space    used 7732K, capacity 8458K, committed 8576K, reserved 1048576K
Event: 54.335 GC heap after
Heap after GC invocations=14 (full 4):
 PSYoungGen      total 246784K, used 19473K [0x00000000d5d00000, 0x00000000ea400000, 0x0000000100000000)
  eden space 180224K, 0% used [0x00000000d5d00000,0x00000000d5d00000,0x00000000e0d00000)
  from space 66560K, 29% used [0x00000000e5700000,0x00000000e6a04588,0x00000000e9800000)
  to   space 75776K, 0% used [0x00000000e0d00000,0x00000000e0d00000,0x00000000e5700000)
 ParOldGen       total 424960K, used 220304K [0x0000000081600000, 0x000000009b500000, 0x00000000d5d00000)
  object space 424960K, 51% used [0x0000000081600000,0x000000008ed24370,0x000000009b500000)
 Metaspace       used 57635K, capacity 60818K, committed 61056K, reserved 1101824K
  class space    used 7732K, capacity 8458K, committed 8576K, reserved 1048576K
}

